<?xml version="1.0" encoding="UTF-8"?>
<!-- Generated by org.testng.reporters.JUnitXMLReporter -->
<testsuite ignored="0" hostname="C14530.local" failures="2" tests="2" name="Command line test" time="3.075" errors="0" timestamp="2023-06-29T13:55:52 EEST">
  <testcase classname="api.TrelloAPITest" name="createBoardTest" time="2.391">
    <failure type="java.lang.IllegalStateException" message="Cannot parse object because no supported Content-Type was specified in response. Content-Type was &amp;apos;text/plain; charset=utf-8&amp;apos;.">
      <![CDATA[java.lang.IllegalStateException: Cannot parse object because no supported Content-Type was specified in response. Content-Type was 'text/plain; charset=utf-8'.
at org.codehaus.groovy.runtime.callsite.ConstructorSite$ConstructorSiteNoUnwrapNoCoerce.callConstructor(ConstructorSite.java:105)
at org.codehaus.groovy.runtime.callsite.CallSiteArray.defaultCallConstructor(CallSiteArray.java:59)
at org.codehaus.groovy.runtime.callsite.AbstractCallSite.callConstructor(AbstractCallSite.java:238)
at org.codehaus.groovy.runtime.callsite.AbstractCallSite.callConstructor(AbstractCallSite.java:250)
at io.restassured.internal.mapping.ObjectMapping.deserialize(ObjectMapping.groovy:84)
at io.restassured.internal.mapping.ObjectMapping$deserialize.call(Unknown Source)
at org.codehaus.groovy.runtime.callsite.CallSiteArray.defaultCall(CallSiteArray.java:47)
at org.codehaus.groovy.runtime.callsite.AbstractCallSite.call(AbstractCallSite.java:116)
at io.restassured.internal.RestAssuredResponseOptionsGroovyImpl.as(RestAssuredResponseOptionsGroovyImpl.groovy:220)
at io.restassured.internal.RestAssuredResponseOptionsImpl.as(RestAssuredResponseOptionsImpl.java:166)
at testStepsLib.CreateBoardSteps.sendRequest(CreateBoardSteps.java:22)
at api.TrelloAPITest.createBoardTest(TrelloAPITest.java:13)
at java.base/java.util.ArrayList.forEach(ArrayList.java:1541)
... Removed 42 stack frames]]>
    </failure>
  </testcase> <!-- createBoardTest -->
  <testcase classname="api.TrelloAPITest" name="getBoardTest" time="0.606">
    <failure type="java.lang.IllegalStateException" message="Cannot parse object because no supported Content-Type was specified in response. Content-Type was &amp;apos;text/plain; charset=utf-8&amp;apos;.">
      <![CDATA[java.lang.IllegalStateException: Cannot parse object because no supported Content-Type was specified in response. Content-Type was 'text/plain; charset=utf-8'.
at org.codehaus.groovy.runtime.callsite.ConstructorSite$ConstructorSiteNoUnwrapNoCoerce.callConstructor(ConstructorSite.java:105)
at org.codehaus.groovy.runtime.callsite.AbstractCallSite.callConstructor(AbstractCallSite.java:250)
at io.restassured.internal.mapping.ObjectMapping.deserialize(ObjectMapping.groovy:84)
at io.restassured.internal.mapping.ObjectMapping$deserialize.call(Unknown Source)
at io.restassured.internal.RestAssuredResponseOptionsGroovyImpl.as(RestAssuredResponseOptionsGroovyImpl.groovy:220)
at io.restassured.internal.RestAssuredResponseOptionsImpl.as(RestAssuredResponseOptionsImpl.java:166)
at testStepsLib.GetBoardSteps.sendRequest(GetBoardSteps.java:23)
at api.TrelloAPITest.getBoardTest(TrelloAPITest.java:22)
at java.base/java.util.ArrayList.forEach(ArrayList.java:1541)
... Removed 42 stack frames]]>
    </failure>
  </testcase> <!-- getBoardTest -->
</testsuite> <!-- Command line test -->
